# JRE version: Java(TM) SE Runtime Environment (17.0.12+8) (build 17.0.12+8-LTS-286)
# Java VM: Java HotSpot(TM) 64-Bit Server VM (17.0.12+8-LTS-286, mixed mode, sharing, tiered, compressed oops, compressed class ptrs, g1 gc, linux-amd64)
GC Precious Log:
 CPUs: 8 total, 8 available
 Memory: 15691M
 Large Page Support: Disabled
 NUMA Support: Disabled
 Compressed Oops: Enabled (32-bit)
 Heap Region Size: 1M
 Heap Min Capacity: 8M
 Heap Initial Capacity: 246M
 Heap Max Capacity: 512M
 Pre-touch: Disabled
 Parallel Workers: 8
 Concurrent Workers: 2
 Concurrent Refinement Workers: 8
 Periodic GC: Disabled
Heap:
 garbage-first heap   total 51200K, used 22116K [0x00000000e0000000, 0x0000000100000000)
  region size 1024K, 4 young (4096K), 1 survivors (1024K)
 Metaspace       used 40268K, committed 40768K, reserved 1114112K
  class space    used 5457K, committed 5696K, reserved 1048576K
GC Heap History (18 events):
Event: 0.352 GC heap before
{Heap before GC invocations=0 (full 0):
 garbage-first heap   total 253952K, used 24556K [0x00000000e0000000, 0x0000000100000000)
  region size 1024K, 23 young (23552K), 0 survivors (0K)
 Metaspace       used 6599K, committed 6784K, reserved 1114112K
  class space    used 866K, committed 960K, reserved 1048576K
}
Event: 0.355 GC heap after
{Heap after GC invocations=1 (full 0):
 garbage-first heap   total 253952K, used 7329K [0x00000000e0000000, 0x0000000100000000)
  region size 1024K, 3 young (3072K), 3 survivors (3072K)
 Metaspace       used 6599K, committed 6784K, reserved 1114112K
  class space    used 866K, committed 960K, reserved 1048576K
}
Event: 0.733 GC heap before
{Heap before GC invocations=1 (full 0):
 garbage-first heap   total 253952K, used 43169K [0x00000000e0000000, 0x0000000100000000)
  region size 1024K, 38 young (38912K), 3 survivors (3072K)
 Metaspace       used 13858K, committed 14144K, reserved 1114112K
  class space    used 1887K, committed 2048K, reserved 1048576K
}
Event: 0.736 GC heap after
{Heap after GC invocations=2 (full 0):
 garbage-first heap   total 253952K, used 9859K [0x00000000e0000000, 0x0000000100000000)
  region size 1024K, 3 young (3072K), 3 survivors (3072K)
 Metaspace       used 13858K, committed 14144K, reserved 1114112K
  class space    used 1887K, committed 2048K, reserved 1048576K
}
Event: 1.002 GC heap before
{Heap before GC invocations=2 (full 0):
 garbage-first heap   total 253952K, used 46723K [0x00000000e0000000, 0x0000000100000000)
  region size 1024K, 40 young (40960K), 3 survivors (3072K)
 Metaspace       used 21216K, committed 21504K, reserved 1114112K
  class space    used 2866K, committed 3008K, reserved 1048576K
}
Event: 1.005 GC heap after
{Heap after GC invocations=3 (full 0):
 garbage-first heap   total 253952K, used 11326K [0x00000000e0000000, 0x0000000100000000)
  region size 1024K, 4 young (4096K), 4 survivors (4096K)
 Metaspace       used 21216K, committed 21504K, reserved 1114112K
  class space    used 2866K, committed 3008K, reserved 1048576K
}
Event: 1.264 GC heap before
{Heap before GC invocations=4 (full 0):
 garbage-first heap   total 51200K, used 37950K [0x00000000e0000000, 0x0000000100000000)
  region size 1024K, 32 young (32768K), 4 survivors (4096K)
 Metaspace       used 24720K, committed 25088K, reserved 1114112K
  class space    used 3339K, committed 3520K, reserved 1048576K
}
Event: 1.267 GC heap after
{Heap after GC invocations=5 (full 0):
 garbage-first heap   total 51200K, used 13613K [0x00000000e0000000, 0x0000000100000000)
  region size 1024K, 6 young (6144K), 6 survivors (6144K)
 Metaspace       used 24720K, committed 25088K, reserved 1114112K
  class space    used 3339K, committed 3520K, reserved 1048576K
}
Event: 1.274 GC heap before
{Heap before GC invocations=5 (full 0):
 garbage-first heap   total 51200K, used 14637K [0x00000000e0000000, 0x0000000100000000)
  region size 1024K, 7 young (7168K), 6 survivors (6144K)
 Metaspace       used 24907K, committed 25216K, reserved 1114112K
  class space    used 3362K, committed 3520K, reserved 1048576K
}
Event: 1.277 GC heap after
{Heap after GC invocations=6 (full 0):
 garbage-first heap   total 51200K, used 14285K [0x00000000e0000000, 0x0000000100000000)
  region size 1024K, 1 young (1024K), 1 survivors (1024K)
 Metaspace       used 24907K, committed 25216K, reserved 1114112K
  class space    used 3362K, committed 3520K, reserved 1048576K
}
Event: 1.526 GC heap before
{Heap before GC invocations=6 (full 0):
 garbage-first heap   total 51200K, used 34765K [0x00000000e0000000, 0x0000000100000000)
  region size 1024K, 21 young (21504K), 1 survivors (1024K)
 Metaspace       used 28342K, committed 28736K, reserved 1114112K
  class space    used 3864K, committed 4032K, reserved 1048576K
}
Event: 1.528 GC heap after
{Heap after GC invocations=7 (full 0):
 garbage-first heap   total 51200K, used 15230K [0x00000000e0000000, 0x0000000100000000)
  region size 1024K, 2 young (2048K), 2 survivors (2048K)
 Metaspace       used 28342K, committed 28736K, reserved 1114112K
  class space    used 3864K, committed 4032K, reserved 1048576K
}
Event: 1.847 GC heap before
{Heap before GC invocations=7 (full 0):
 garbage-first heap   total 51200K, used 35710K [0x00000000e0000000, 0x0000000100000000)
  region size 1024K, 22 young (22528K), 2 survivors (2048K)
 Metaspace       used 31885K, committed 32320K, reserved 1114112K
  class space    used 4293K, committed 4480K, reserved 1048576K
}
Event: 1.849 GC heap after
{Heap after GC invocations=8 (full 0):
 garbage-first heap   total 51200K, used 16959K [0x00000000e0000000, 0x0000000100000000)
  region size 1024K, 2 young (2048K), 2 survivors (2048K)
 Metaspace       used 31885K, committed 32320K, reserved 1114112K
  class space    used 4293K, committed 4480K, reserved 1048576K
}
Event: 2.121 GC heap before
{Heap before GC invocations=8 (full 0):
 garbage-first heap   total 51200K, used 35391K [0x00000000e0000000, 0x0000000100000000)
  region size 1024K, 21 young (21504K), 2 survivors (2048K)
 Metaspace       used 35870K, committed 36288K, reserved 1114112K
  class space    used 4765K, committed 4928K, reserved 1048576K
}
Event: 2.124 GC heap after
{Heap after GC invocations=9 (full 0):
 garbage-first heap   total 51200K, used 19339K [0x00000000e0000000, 0x0000000100000000)
  region size 1024K, 3 young (3072K), 3 survivors (3072K)
 Metaspace       used 35870K, committed 36288K, reserved 1114112K
  class space    used 4765K, committed 4928K, reserved 1048576K
}
Event: 2.593 GC heap before
{Heap before GC invocations=10 (full 0):
 garbage-first heap   total 51200K, used 37771K [0x00000000e0000000, 0x0000000100000000)
  region size 1024K, 21 young (21504K), 3 survivors (3072K)
 Metaspace       used 39939K, committed 40448K, reserved 1114112K
  class space    used 5389K, committed 5632K, reserved 1048576K
}
Event: 2.596 GC heap after
{Heap after GC invocations=11 (full 0):
 garbage-first heap   total 51200K, used 20068K [0x00000000e0000000, 0x0000000100000000)
  region size 1024K, 1 young (1024K), 1 survivors (1024K)
 Metaspace       used 39939K, committed 40448K, reserved 1114112K
  class space    used 5389K, committed 5632K, reserved 1048576K
}

